"D:\software\clion\CLion 2020.2.3\bin\cmake\win\bin\cmake.exe" -DCMAKE_BUILD_TYPE=Release -G "CodeBlocks - NMake Makefiles" C:\Users\lidan\Desktop\项目\brain\SWC2Obj
-- The C compiler identification is MSVC 19.27.29111.0
-- The CXX compiler identification is MSVC 19.27.29111.0
-- Check for working C compiler: C:/Program Files (x86)/Microsoft Visual Studio/2019/Community/VC/Tools/MSVC/14.27.29110/bin/Hostx64/x64/cl.exe
-- Check for working C compiler: C:/Program Files (x86)/Microsoft Visual Studio/2019/Community/VC/Tools/MSVC/14.27.29110/bin/Hostx64/x64/cl.exe - broken
CMake Error at D:/software/clion/CLion 2020.2.3/bin/cmake/win/share/cmake-3.17/Modules/CMakeTestCCompiler.cmake:60 (message):
  The C compiler

    "C:/Program Files (x86)/Microsoft Visual Studio/2019/Community/VC/Tools/MSVC/14.27.29110/bin/Hostx64/x64/cl.exe"

  is not able to compile a simple test program.

  It fails with the following output:

    Change Dir: C:/Users/lidan/Desktop/椤圭洰/brain/SWC2Obj/cmake-build-release/CMakeFiles/CMakeTmp
    
    Run Build Command(s):nmake /nologo cmTC_8c2a1\fast && 	"C:\Program Files (x86)\Microsoft Visual Studio\2019\Community\VC\Tools\MSVC\14.27.29110\bin\HostX64\x64\nmake.exe"  -f CMakeFiles\cmTC_8c2a1.dir\build.make /nologo -L                  CMakeFiles\cmTC_8c2a1.dir\build
    Building C object CMakeFiles/cmTC_8c2a1.dir/testCCompiler.c.obj
    	C:\PROGRA~2\MICROS~1\2019\COMMUN~1\VC\Tools\MSVC\1427~1.291\bin\Hostx64\x64\cl.exe @C:\Users\lidan\AppData\Local\Temp\nm2184.tmp
    testCCompiler.c
    c1: fatal error C1083: 鏃犳硶鎵撳紑婧愭枃浠�: 鈥淐:\Users\lidan\Desktop\????\brain\SWC2Obj\cmake-build-release\CMakeFiles\CMakeTmp\testCCompiler.c鈥�: No such file or directory
    NMAKE : fatal error U1077: 鎻�:\PROGRA~2\MICROS~1\2019\COMMUN~1\VC\Tools\MSVC\1427~1.291\bin\Hostx64\x64\cl.exe? 
    Stop.
    NMAKE : fatal error U1077: ?C:\Program Files (x86)\Microsoft Visual Studio\2019\Community\VC\Tools\MSVC\14.27.29110\bin\HostX64\x64\nmake.exe"? 
    Stop.
    
    

  

  CMake will not be able to correctly generate this project.
Call Stack (most recent call first):
  CMakeLists.txt:2 (project)


-- Configuring incomplete, errors occurred!
See also "C:/Users/lidan/Desktop/椤圭洰/brain/SWC2Obj/cmake-build-release/CMakeFiles/CMakeOutput.log".
See also "C:/Users/lidan/Desktop/椤圭洰/brain/SWC2Obj/cmake-build-release/CMakeFiles/CMakeError.log".
